<?xml version="1.0" encoding="UTF-8"?>
<!-- Generated by org.testng.reporters.JUnitReportReporter -->
<testsuite ignored="0" hostname="DESKTOP-9HB5M8C" failures="0" tests="1" name="com.sita.testcases.deligation_of_amenities_to_BO" time="17.438" errors="0" timestamp="23 Feb 2022 12:01:01 GMT" skipped="0">
  <testcase classname="com.sita.testcases.deligation_of_amenities_to_BO" name="Bo_amenities_list" time="17.438"/>
</testsuite> <!-- com.sita.testcases.deligation_of_amenities_to_BO -->
