<?xml version="1.0" encoding="UTF-8"?>
<!-- Generated by org.testng.reporters.JUnitReportReporter -->
<testsuite ignored="0" hostname="DESKTOP-9HB5M8C" failures="0" tests="3" name="com.sita.testcases.deligation_of_amenities_to_BO" time="115.568" errors="0" timestamp="25 Feb 2022 07:15:45 GMT" skipped="0">
  <testcase classname="com.sita.testcases.deligation_of_amenities_to_BO" name="fhe_distribution" time="41.131"/>
  <testcase classname="com.sita.testcases.deligation_of_amenities_to_BO" name="supervisor_login_and_assigning_fhe" time="24.959"/>
  <testcase classname="com.sita.testcases.deligation_of_amenities_to_BO" name="Bo_amenities_list" time="49.478"/>
</testsuite> <!-- com.sita.testcases.deligation_of_amenities_to_BO -->
