<?xml version="1.0" encoding="UTF-8"?>
<!-- Generated by org.testng.reporters.JUnitReportReporter -->
<testsuite ignored="0" hostname="DESKTOP-9HB5M8C" failures="0" tests="3" name="com.sita.testcases.Create_supervisor_fhe" time="40.422" errors="0" timestamp="16 Dec 2021 10:56:03 GMT" skipped="0">
  <testcase classname="com.sita.testcases.Create_supervisor_fhe" name="loginApp" time="1.353"/>
  <testcase classname="com.sita.testcases.Create_supervisor_fhe" name="click_on_AddUsers" time="7.433"/>
  <testcase classname="com.sita.testcases.Create_supervisor_fhe" name="create_fhes" time="31.636"/>
</testsuite> <!-- com.sita.testcases.Create_supervisor_fhe -->
