<?xml version="1.0" encoding="UTF-8"?>
<!-- Generated by org.testng.reporters.JUnitReportReporter -->
<testsuite ignored="0" hostname="DESKTOP-9HB5M8C" failures="0" tests="3" name="com.sita.testcases.Assign_fhe_to_A0_B0" time="37.639" errors="0" timestamp="14 Dec 2021 06:13:28 GMT" skipped="0">
  <testcase classname="com.sita.testcases.Assign_fhe_to_A0_B0" name="navigate_to_homepage_click_on_ArrowButton" time="21.097"/>
  <testcase classname="com.sita.testcases.Assign_fhe_to_A0_B0" name="loginFHE" time="14.429"/>
  <testcase classname="com.sita.testcases.Assign_fhe_to_A0_B0" name="loginApp" time="2.113"/>
</testsuite> <!-- com.sita.testcases.Assign_fhe_to_A0_B0 -->
