<?xml version="1.0" encoding="UTF-8"?>
<!-- Generated by org.testng.reporters.JUnitReportReporter -->
<testsuite ignored="0" hostname="DESKTOP-9HB5M8C" failures="0" tests="3" name="com.sita.testcases.Hotel_booking" time="102.646" errors="0" timestamp="23 Mar 2022 05:48:55 GMT" skipped="0">
  <testcase classname="com.sita.testcases.Hotel_booking" name="fhe_distribution" time="31.093"/>
  <testcase classname="com.sita.testcases.Hotel_booking" name="Loging_to_mail" time="55.401"/>
  <testcase classname="com.sita.testcases.Hotel_booking" name="supervisor_login_and_assigning_fhe" time="16.152"/>
</testsuite> <!-- com.sita.testcases.Hotel_booking -->
