<?xml version="1.0" encoding="UTF-8"?>
<!-- Generated by org.testng.reporters.JUnitReportReporter -->
<testsuite ignored="0" hostname="DESKTOP-9HB5M8C" failures="0" tests="1" name="com.sita.testcases.Hotel" time="35.345" errors="0" timestamp="03 Mar 2022 10:20:52 GMT" skipped="0">
  <testcase classname="com.sita.testcases.Hotel" name="Loging_to_mail" time="35.345"/>
</testsuite> <!-- com.sita.testcases.Hotel -->
