<?xml version="1.0" encoding="UTF-8"?>
<!-- Generated by org.testng.reporters.JUnitReportReporter -->
<testsuite ignored="0" hostname="DESKTOP-9HB5M8C" failures="0" tests="12" name="com.sita.testcases.Assign_fhe_to_A0_B0" time="28.700" errors="0" timestamp="07 Dec 2021 07:12:33 GMT" skipped="0">
  <testcase classname="com.sita.testcases.Assign_fhe_to_A0_B0" name="loginFHE" time="0.912"/>
  <testcase classname="com.sita.testcases.Assign_fhe_to_A0_B0" name="Click_on_BackButton" time="0.680"/>
  <testcase classname="com.sita.testcases.Assign_fhe_to_A0_B0" name="navigate_to_homepage_click_on_ArrowButton" time="9.202"/>
  <testcase classname="com.sita.testcases.Assign_fhe_to_A0_B0" name="AO_BO" time="0.605"/>
  <testcase classname="com.sita.testcases.Assign_fhe_to_A0_B0" name="ArrowButtonofFHE" time="4.102"/>
  <testcase classname="com.sita.testcases.Assign_fhe_to_A0_B0" name="deligation" time="0.986"/>
  <testcase classname="com.sita.testcases.Assign_fhe_to_A0_B0" name="loginApp" time="1.654"/>
  <testcase classname="com.sita.testcases.Assign_fhe_to_A0_B0" name="ConfirmButton" time="1.565"/>
  <testcase classname="com.sita.testcases.Assign_fhe_to_A0_B0" name="AssigntoFHE" time="2.797"/>
  <testcase classname="com.sita.testcases.Assign_fhe_to_A0_B0" name="City" time="1.884"/>
  <testcase classname="com.sita.testcases.Assign_fhe_to_A0_B0" name="Logout" time="2.693"/>
  <testcase classname="com.sita.testcases.Assign_fhe_to_A0_B0" name="BookingCentre" time="1.620"/>
</testsuite> <!-- com.sita.testcases.Assign_fhe_to_A0_B0 -->
