<?xml version="1.0" encoding="UTF-8"?>
<!-- Generated by org.testng.reporters.JUnitReportReporter -->
<testsuite ignored="0" hostname="DESKTOP-9HB5M8C" failures="0" tests="19" name="com.sita.testcases.deligation_of_amenities_to_Z_Mumbai" time="52.550" errors="0" timestamp="08 Dec 2021 05:36:07 GMT" skipped="0">
  <testcase classname="com.sita.testcases.deligation_of_amenities_to_Z_Mumbai" name="Click_on_BackButton" time="0.716"/>
  <testcase classname="com.sita.testcases.deligation_of_amenities_to_Z_Mumbai" name="Amenities" time="0.777"/>
  <testcase classname="com.sita.testcases.deligation_of_amenities_to_Z_Mumbai" name="click_on_accecpt_all" time="3.634"/>
  <testcase classname="com.sita.testcases.deligation_of_amenities_to_Z_Mumbai" name="Amenities_List" time="1.512"/>
  <testcase classname="com.sita.testcases.deligation_of_amenities_to_Z_Mumbai" name="login_as_BO" time="0.990"/>
  <testcase classname="com.sita.testcases.deligation_of_amenities_to_Z_Mumbai" name="BookingCentre" time="1.712"/>
  <testcase classname="com.sita.testcases.deligation_of_amenities_to_Z_Mumbai" name="Logout_Superviser" time="3.245"/>
  <testcase classname="com.sita.testcases.deligation_of_amenities_to_Z_Mumbai" name="Click_on_BackButton1" time="1.965"/>
  <testcase classname="com.sita.testcases.deligation_of_amenities_to_Z_Mumbai" name="Logout_FHE" time="2.908"/>
  <testcase classname="com.sita.testcases.deligation_of_amenities_to_Z_Mumbai" name="click_on_accecpt_popup" time="0.410"/>
  <testcase classname="com.sita.testcases.deligation_of_amenities_to_Z_Mumbai" name="Deligation" time="1.067"/>
  <testcase classname="com.sita.testcases.deligation_of_amenities_to_Z_Mumbai" name="loginApp" time="1.244"/>
  <testcase classname="com.sita.testcases.deligation_of_amenities_to_Z_Mumbai" name="AssignFHE" time="3.309"/>
  <testcase classname="com.sita.testcases.deligation_of_amenities_to_Z_Mumbai" name="navigate_to_homepage_click_on_ArrowButton1" time="9.430"/>
  <testcase classname="com.sita.testcases.deligation_of_amenities_to_Z_Mumbai" name="Select_Amenities_and_confirm" time="3.223"/>
  <testcase classname="com.sita.testcases.deligation_of_amenities_to_Z_Mumbai" name="ConfirmButton" time="2.059"/>
  <testcase classname="com.sita.testcases.deligation_of_amenities_to_Z_Mumbai" name="ArrowButtonofFHE" time="4.809"/>
  <testcase classname="com.sita.testcases.deligation_of_amenities_to_Z_Mumbai" name="click_Arrow_Button_BO_go_to_amenities_tab_lock_file" time="8.382"/>
  <testcase classname="com.sita.testcases.deligation_of_amenities_to_Z_Mumbai" name="loginFHE" time="1.158"/>
</testsuite> <!-- com.sita.testcases.deligation_of_amenities_to_Z_Mumbai -->
