<?xml version="1.0" encoding="UTF-8"?>
<!-- Generated by org.testng.reporters.JUnitReportReporter -->
<testsuite ignored="0" hostname="DESKTOP-9HB5M8C" failures="0" tests="2" name="com.sita.testcases.Inventory_Topup" time="15.070" errors="0" timestamp="18 Jan 2022 08:54:07 GMT" skipped="0">
  <testcase classname="com.sita.testcases.Inventory_Topup" name="loginApp" time="1.498"/>
  <testcase classname="com.sita.testcases.Inventory_Topup" name="navigate_to_homepage_click_on_Hotel_ArrowButton" time="13.572"/>
</testsuite> <!-- com.sita.testcases.Inventory_Topup -->
