<?xml version="1.0" encoding="UTF-8"?>
<!-- Generated by org.testng.reporters.JUnitReportReporter -->
<testsuite ignored="0" hostname="DESKTOP-9HB5M8C" failures="0" tests="5" name="com.sita.testcases.Create_Supervisor_fhes" time="49.896" errors="0" timestamp="16 Dec 2021 14:42:56 GMT" skipped="0">
  <testcase classname="com.sita.testcases.Create_Supervisor_fhes" name="customer_details" time="10.237"/>
  <testcase classname="com.sita.testcases.Create_Supervisor_fhes" name="customer_details" time="10.067"/>
  <testcase classname="com.sita.testcases.Create_Supervisor_fhes" name="customer_details" time="10.306"/>
  <testcase classname="com.sita.testcases.Create_Supervisor_fhes" name="customer_details" time="9.769"/>
  <testcase classname="com.sita.testcases.Create_Supervisor_fhes" name="customer_details" time="9.517"/>
</testsuite> <!-- com.sita.testcases.Create_Supervisor_fhes -->
