<?xml version="1.0" encoding="UTF-8"?>
<!-- Generated by org.testng.reporters.JUnitReportReporter -->
<testsuite ignored="0" hostname="DESKTOP-9HB5M8C" failures="0" tests="3" name="com.sita.testcases.Create_supervisor_fhe" time="77.919" errors="0" timestamp="13 Dec 2021 15:08:40 GMT" skipped="0">
  <testcase classname="com.sita.testcases.Create_supervisor_fhe" name="click_on_AddUsers" time="13.709"/>
  <testcase classname="com.sita.testcases.Create_supervisor_fhe" name="create_fhes" time="62.513"/>
  <testcase classname="com.sita.testcases.Create_supervisor_fhe" name="loginApp" time="1.697"/>
</testsuite> <!-- com.sita.testcases.Create_supervisor_fhe -->
